2021-02-01T22:21:29.053+0300	FATAL	logger/logger.go:101	fail Rabbit connectiondial tcp 127.0.0.1:50051: connect: connection refused
github.com/and67o/otus_project/internal/logger.Logger.Fatal
	/var/www/golang/src/project/internal/logger/logger.go:101
github.com/and67o/otus_project/internal/queue.New
	/var/www/golang/src/project/internal/queue/queue.go:40
main.main
	/var/www/golang/src/project/cmd/rotator/main.go:47
runtime.main
	/root/sdk/go1.15.1/src/runtime/proc.go:204
2021-02-01T22:21:51.571+0300	FATAL	logger/logger.go:101	fail Rabbit connectiondial tcp 127.0.0.1:50051: connect: connection refused
github.com/and67o/otus_project/internal/logger.Logger.Fatal
	/var/www/golang/src/project/internal/logger/logger.go:101
github.com/and67o/otus_project/internal/queue.New
	/var/www/golang/src/project/internal/queue/queue.go:40
main.main
	/var/www/golang/src/project/cmd/rotator/main.go:47
runtime.main
	/root/sdk/go1.15.1/src/runtime/proc.go:204
2021-02-01T22:33:28.024+0300	FATAL	logger/logger.go:101	fail Rabbit connectiondial tcp 127.0.0.1:50051: connect: connection refused
github.com/and67o/otus_project/internal/logger.Logger.Fatal
	/var/www/golang/src/project/internal/logger/logger.go:101
github.com/and67o/otus_project/internal/queue.New
	/var/www/golang/src/project/internal/queue/queue.go:40
main.main
	/var/www/golang/src/project/cmd/rotator/main.go:44
runtime.main
	/root/sdk/go1.15.1/src/runtime/proc.go:204
2021-02-01T22:33:32.520+0300	FATAL	logger/logger.go:101	fail Rabbit connectiondial tcp 127.0.0.1:50051: connect: connection refused
github.com/and67o/otus_project/internal/logger.Logger.Fatal
	/var/www/golang/src/project/internal/logger/logger.go:101
github.com/and67o/otus_project/internal/queue.New
	/var/www/golang/src/project/internal/queue/queue.go:40
main.main
	/var/www/golang/src/project/cmd/rotator/main.go:44
runtime.main
	/root/sdk/go1.15.1/src/runtime/proc.go:204
